# JRE version: OpenJDK Runtime Environment Temurin-17.0.15+6 (17.0.15+6) (build 17.0.15+6)
# Java VM: OpenJDK 64-Bit Server VM Temurin-17.0.15+6 (17.0.15+6, mixed mode, sharing, tiered, compressed oops, compressed class ptrs, g1 gc, windows-amd64)
GC Precious Log:
 CPUs: 8 total, 8 available
 Memory: 8113M
 Large Page Support: Disabled
 NUMA Support: Disabled
 Compressed Oops: Enabled (32-bit)
 Heap Region Size: 1M
 Heap Min Capacity: 8M
 Heap Initial Capacity: 128M
 Heap Max Capacity: 2030M
 Pre-touch: Disabled
 Parallel Workers: 8
 Concurrent Workers: 2
 Concurrent Refinement Workers: 8
 Periodic GC: Disabled
Heap:
 garbage-first heap   total 202752K, used 95728K [0x0000000081200000, 0x0000000100000000)
  region size 1024K, 45 young (46080K), 6 survivors (6144K)
 Metaspace       used 82367K, committed 83136K, reserved 1179648K
  class space    used 11436K, committed 11840K, reserved 1048576K
GC Heap History (20 events):
Event: 7.492 GC heap before
{Heap before GC invocations=15 (full 0):
 garbage-first heap   total 91136K, used 41159K [0x0000000081200000, 0x0000000100000000)
  region size 1024K, 6 young (6144K), 3 survivors (3072K)
 Metaspace       used 60102K, committed 60608K, reserved 1114112K
  class space    used 8113K, committed 8320K, reserved 1048576K
}
Event: 7.494 GC heap after
{Heap after GC invocations=16 (full 0):
 garbage-first heap   total 91136K, used 39243K [0x0000000081200000, 0x0000000100000000)
  region size 1024K, 3 young (3072K), 3 survivors (3072K)
 Metaspace       used 60102K, committed 60608K, reserved 1114112K
  class space    used 8113K, committed 8320K, reserved 1048576K
}
Event: 8.213 GC heap before
{Heap before GC invocations=17 (full 0):
 garbage-first heap   total 91136K, used 72011K [0x0000000081200000, 0x0000000100000000)
  region size 1024K, 35 young (35840K), 3 survivors (3072K)
 Metaspace       used 66097K, committed 66688K, reserved 1114112K
  class space    used 9141K, committed 9408K, reserved 1048576K
}
Event: 8.219 GC heap after
{Heap after GC invocations=18 (full 0):
 garbage-first heap   total 91136K, used 42269K [0x0000000081200000, 0x0000000100000000)
  region size 1024K, 5 young (5120K), 5 survivors (5120K)
 Metaspace       used 66097K, committed 66688K, reserved 1114112K
  class space    used 9141K, committed 9408K, reserved 1048576K
}
Event: 8.485 GC heap before
{Heap before GC invocations=18 (full 0):
 garbage-first heap   total 91136K, used 71965K [0x0000000081200000, 0x0000000100000000)
  region size 1024K, 34 young (34816K), 5 survivors (5120K)
 Metaspace       used 68104K, committed 68736K, reserved 1114112K
  class space    used 9541K, committed 9856K, reserved 1048576K
}
Event: 8.491 GC heap after
{Heap after GC invocations=19 (full 0):
 garbage-first heap   total 91136K, used 45831K [0x0000000081200000, 0x0000000100000000)
  region size 1024K, 4 young (4096K), 4 survivors (4096K)
 Metaspace       used 68104K, committed 68736K, reserved 1114112K
  class space    used 9541K, committed 9856K, reserved 1048576K
}
Event: 8.623 GC heap before
{Heap before GC invocations=19 (full 0):
 garbage-first heap   total 91136K, used 70407K [0x0000000081200000, 0x0000000100000000)
  region size 1024K, 29 young (29696K), 4 survivors (4096K)
 Metaspace       used 69465K, committed 70016K, reserved 1114112K
  class space    used 9717K, committed 9984K, reserved 1048576K
}
Event: 8.625 GC heap after
{Heap after GC invocations=20 (full 0):
 garbage-first heap   total 91136K, used 44363K [0x0000000081200000, 0x0000000100000000)
  region size 1024K, 1 young (1024K), 1 survivors (1024K)
 Metaspace       used 69465K, committed 70016K, reserved 1114112K
  class space    used 9717K, committed 9984K, reserved 1048576K
}
Event: 8.807 GC heap before
{Heap before GC invocations=21 (full 0):
 garbage-first heap   total 91136K, used 73035K [0x0000000081200000, 0x0000000100000000)
  region size 1024K, 29 young (29696K), 1 survivors (1024K)
 Metaspace       used 69915K, committed 70464K, reserved 1114112K
  class space    used 9783K, committed 10048K, reserved 1048576K
}
Event: 8.809 GC heap after
{Heap after GC invocations=22 (full 0):
 garbage-first heap   total 91136K, used 45196K [0x0000000081200000, 0x0000000100000000)
  region size 1024K, 2 young (2048K), 2 survivors (2048K)
 Metaspace       used 69915K, committed 70464K, reserved 1114112K
  class space    used 9783K, committed 10048K, reserved 1048576K
}
Event: 8.813 GC heap before
{Heap before GC invocations=22 (full 0):
 garbage-first heap   total 91136K, used 47244K [0x0000000081200000, 0x0000000100000000)
  region size 1024K, 4 young (4096K), 2 survivors (2048K)
 Metaspace       used 69915K, committed 70464K, reserved 1114112K
  class space    used 9783K, committed 10048K, reserved 1048576K
}
Event: 8.815 GC heap after
{Heap after GC invocations=23 (full 0):
 garbage-first heap   total 91136K, used 45813K [0x0000000081200000, 0x0000000100000000)
  region size 1024K, 1 young (1024K), 1 survivors (1024K)
 Metaspace       used 69915K, committed 70464K, reserved 1114112K
  class space    used 9783K, committed 10048K, reserved 1048576K
}
Event: 8.881 GC heap before
{Heap before GC invocations=23 (full 0):
 garbage-first heap   total 91136K, used 74485K [0x0000000081200000, 0x0000000100000000)
  region size 1024K, 29 young (29696K), 1 survivors (1024K)
 Metaspace       used 69919K, committed 70464K, reserved 1114112K
  class space    used 9783K, committed 10048K, reserved 1048576K
}
Event: 8.885 GC heap after
{Heap after GC invocations=24 (full 0):
 garbage-first heap   total 91136K, used 50334K [0x0000000081200000, 0x0000000100000000)
  region size 1024K, 4 young (4096K), 4 survivors (4096K)
 Metaspace       used 69919K, committed 70464K, reserved 1114112K
  class space    used 9783K, committed 10048K, reserved 1048576K
}
Event: 9.161 GC heap before
{Heap before GC invocations=25 (full 0):
 garbage-first heap   total 101376K, used 73886K [0x0000000081200000, 0x0000000100000000)
  region size 1024K, 27 young (27648K), 4 survivors (4096K)
 Metaspace       used 70581K, committed 71168K, reserved 1114112K
  class space    used 9815K, committed 10112K, reserved 1048576K
}
Event: 9.165 GC heap after
{Heap after GC invocations=26 (full 0):
 garbage-first heap   total 101376K, used 52482K [0x0000000081200000, 0x0000000100000000)
  region size 1024K, 3 young (3072K), 3 survivors (3072K)
 Metaspace       used 70581K, committed 71168K, reserved 1114112K
  class space    used 9815K, committed 10112K, reserved 1048576K
}
Event: 9.170 GC heap before
{Heap before GC invocations=26 (full 0):
 garbage-first heap   total 101376K, used 53506K [0x0000000081200000, 0x0000000100000000)
  region size 1024K, 4 young (4096K), 3 survivors (3072K)
 Metaspace       used 70586K, committed 71168K, reserved 1114112K
  class space    used 9815K, committed 10112K, reserved 1048576K
}
Event: 9.176 GC heap after
{Heap after GC invocations=27 (full 0):
 garbage-first heap   total 202752K, used 51892K [0x0000000081200000, 0x0000000100000000)
  region size 1024K, 1 young (1024K), 1 survivors (1024K)
 Metaspace       used 70586K, committed 71168K, reserved 1114112K
  class space    used 9815K, committed 10112K, reserved 1048576K
}
Event: 10.443 GC heap before
{Heap before GC invocations=27 (full 0):
 garbage-first heap   total 202752K, used 129716K [0x0000000081200000, 0x0000000100000000)
  region size 1024K, 78 young (79872K), 1 survivors (1024K)
 Metaspace       used 77392K, committed 78016K, reserved 1179648K
  class space    used 10761K, committed 11072K, reserved 1048576K
}
Event: 10.449 GC heap after
{Heap after GC invocations=28 (full 0):
 garbage-first heap   total 202752K, used 56816K [0x0000000081200000, 0x0000000100000000)
  region size 1024K, 6 young (6144K), 6 survivors (6144K)
 Metaspace       used 77392K, committed 78016K, reserved 1179648K
  class space    used 10761K, committed 11072K, reserved 1048576K
}

